[GIN-debug] [WARNING] Creating an Engine instance with the Logger and Recovery middleware already attached.

[GIN-debug] [WARNING] Running in "debug" mode. Switch to "release" mode in production.
 - using env:	export GIN_MODE=release
 - using code:	gin.SetMode(gin.ReleaseMode)

[GIN-debug] GET    /test                     --> ppIm/api/v1.Test (6 handlers)
[GIN-debug] GET    /ws                       --> ppIm/ws.WebsocketEntry (6 handlers)
[GIN-debug] GET    /ws/status                --> ppIm/ws.Status (6 handlers)
[GIN-debug] GET    /                         --> ppIm/api.Welcome (6 handlers)
[GIN-debug] POST   /api/v1/login             --> ppIm/api/v1.Login (6 handlers)
[GIN-debug] POST   /api/v1/register          --> ppIm/api/v1.Register (6 handlers)
[GIN-debug] POST   /api/v1/user/update/nickname --> ppIm/api/v1.UpdateNickname (7 handlers)
[GIN-debug] POST   /api/v1/user/update/avatar --> ppIm/api/v1.UpdateAvatar (7 handlers)
[GIN-debug] POST   /api/v1/user/update/realname --> ppIm/api/v1.RealNameVerify (7 handlers)
[GIN-debug] POST   /api/v1/user/update/location --> ppIm/api/v1.UpdateLocation (7 handlers)
[GIN-debug] POST   /api/v1/geo/users         --> ppIm/api/v1.GeoUsers (7 handlers)
[GIN-debug] POST   /api/v1/im/addf           --> ppIm/api/v1.AddFriend (7 handlers)
[GIN-debug] POST   /api/v1/im/delf           --> ppIm/api/v1.DelFriend (7 handlers)
[GIN-debug] Listening and serving HTTP on 0.0.0.0:8081
::1 - [Fri, 21 Aug 2020 16:08:46 CST] "POST /api/v1/im/addf HTTP/1.1 401 1.9988ms "PostmanRuntime/7.26.3" "
[GIN] 2020/08/21 - 16:08:46 | 401 |      1.9988ms |             ::1 | POST     "/api/v1/im/addf"
::1 - [Fri, 21 Aug 2020 16:08:49 CST] "POST /api/v1/login HTTP/1.1 200 6.9816ms "PostmanRuntime/7.26.3" "
[GIN] 2020/08/21 - 16:08:49 | 200 |      6.9816ms |             ::1 | POST     "/api/v1/login"
::1 - [Fri, 21 Aug 2020 16:08:58 CST] "POST /api/v1/im/addf HTTP/1.1 200 9.0051ms "PostmanRuntime/7.26.3" "
[GIN] 2020/08/21 - 16:08:58 | 200 |      9.0051ms |             ::1 | POST     "/api/v1/im/addf"
::1 - [Fri, 21 Aug 2020 16:09:09 CST] "POST /api/v1/im/addf HTTP/1.1 500 3.0243ms "PostmanRuntime/7.26.3" "
[GIN] 2020/08/21 - 16:09:09 | 500 |      3.0243ms |             ::1 | POST     "/api/v1/im/addf"
::1 - [Fri, 21 Aug 2020 16:09:12 CST] "POST /api/v1/im/addf HTTP/1.1 500 3.0254ms "PostmanRuntime/7.26.3" "
[GIN] 2020/08/21 - 16:09:12 | 500 |      3.0254ms |             ::1 | POST     "/api/v1/im/addf"
::1 - [Fri, 21 Aug 2020 16:09:13 CST] "POST /api/v1/im/addf HTTP/1.1 500 1.9953ms "PostmanRuntime/7.26.3" "
[GIN] 2020/08/21 - 16:09:13 | 500 |      1.9953ms |             ::1 | POST     "/api/v1/im/addf"
::1 - [Fri, 21 Aug 2020 16:09:48 CST] "POST /api/v1/im/addf HTTP/1.1 500 2.9983ms "PostmanRuntime/7.26.3" "
[GIN] 2020/08/21 - 16:09:48 | 500 |      2.9983ms |             ::1 | POST     "/api/v1/im/addf"
