[GIN-debug] GET    /public/*filepath         --> github.com/gin-gonic/gin.(*RouterGroup).createStaticHandler.func1 (6 handlers)
[GIN-debug] HEAD   /public/*filepath         --> github.com/gin-gonic/gin.(*RouterGroup).createStaticHandler.func1 (6 handlers)
[GIN-debug] GET    /ws                       --> ppIm/ws.WebsocketEntry (6 handlers)
[GIN-debug] GET    /ws/status                --> ppIm/ws.StatusApi (6 handlers)
[GIN-debug] GET    /ws/isOnline              --> ppIm/ws.IsOnlineApi (6 handlers)
[GIN-debug] GET    /ws/sendToAll             --> ppIm/ws.SendToAll (6 handlers)
[GIN-debug] GET    /cluster/servers          --> ppIm/servers.ApiQuery (6 handlers)
[GIN-debug] GET    /                         --> ppIm/api.Welcome (6 handlers)
[GIN-debug] POST   /api/v1/login             --> ppIm/api/v1.sign.Login-fm (6 handlers)
[GIN-debug] POST   /api/v1/register          --> ppIm/api/v1.sign.Register-fm (6 handlers)
[GIN-debug] POST   /api/v1/user/update/nickname --> ppIm/api/v1.user.UpdateNickname-fm (7 handlers)
[GIN-debug] POST   /api/v1/user/update/avatar --> ppIm/api/v1.user.UpdateAvatar-fm (7 handlers)
[GIN-debug] POST   /api/v1/user/update/realname --> ppIm/api/v1.user.RealNameVerify-fm (7 handlers)
[GIN-debug] POST   /api/v1/user/update/location --> ppIm/api/v1.user.UpdateLocation-fm (7 handlers)
[GIN-debug] POST   /api/v1/geo/users         --> ppIm/api/v1.geo.Users-fm (7 handlers)
[GIN-debug] POST   /api/v1/im/friend/search  --> ppIm/api/v1.friend.Search-fm (7 handlers)
[GIN-debug] POST   /api/v1/im/friend/list    --> ppIm/api/v1.friend.List-fm (7 handlers)
[GIN-debug] POST   /api/v1/im/friend/add/request --> ppIm/api/v1.friend.Add-fm (7 handlers)
[GIN-debug] POST   /api/v1/im/friend/add/reqs --> ppIm/api/v1.friend.AddReqs-fm (7 handlers)
[GIN-debug] POST   /api/v1/im/friend/add/handle --> ppIm/api/v1.friend.AddHandle-fm (7 handlers)
[GIN-debug] POST   /api/v1/im/friend/del     --> ppIm/api/v1.friend.Del-fm (7 handlers)
[GIN-debug] POST   /api/v1/im/group/create   --> ppIm/api/v1.group.Create-fm (7 handlers)
[GIN-debug] POST   /api/v1/im/group/search   --> ppIm/api/v1.group.Search-fm (7 handlers)
[GIN-debug] POST   /api/v1/im/group/my       --> ppIm/api/v1.group.My-fm (7 handlers)
[GIN-debug] POST   /api/v1/im/group/join/request --> ppIm/api/v1.group.Join-fm (7 handlers)
[GIN-debug] POST   /api/v1/im/group/join/list --> ppIm/api/v1.group.JoinList-fm (7 handlers)
[GIN-debug] POST   /api/v1/im/group/join/handle --> ppIm/api/v1.group.JoinHandle-fm (7 handlers)
[GIN-debug] POST   /api/v1/im/group/leave    --> ppIm/api/v1.group.Leave-fm (7 handlers)
[GIN-debug] POST   /api/v1/im/group/shot     --> ppIm/api/v1.group.Shot-fm (7 handlers)
[GIN-debug] POST   /api/v1/im/chat/send/user --> ppIm/api/v1.chat.SendToUser-fm (7 handlers)
[GIN-debug] POST   /api/v1/im/chat/withdraw/user --> ppIm/api/v1.chat.WithdrawFromUser-fm (7 handlers)
[GIN-debug] Listening and serving HTTP on 0.0.0.0:8080
